&struct_data
lattice_factor =   0.9285000000E+01,
lattice_list = 
    0.1000000000E+01,  0.0000000000E+00,  0.0000000000E+00,
   -0.5000000000E+00,  0.8660254038E+00,  0.0000000000E+00,
    0.0000000000E+00,  0.0000000000E+00,  0.1100100000E+01,
total_energy =  -0.107901873995E+03,
stress_tensor =
    -0.170645E+01,  -0.170645E+01,  -0.170850E+01,
    -0.103665E-10,  -0.179905E-10,   0.205268E-10,
fermi_energy =   0.2476735902E+00,   0.2476735902E+00,
number_element = 2,
number_atom = 9,
spin_polarization =   0.0000000000E+00,
abs_spin_polarization =   0.0000000000E+00
/
 
# valence_charge, nucleous_charge
   4.00000000  14.00000000
   6.00000000   8.00000000
 
# atom_kind, atom_position by cell coordinate
  1   0.464876550733  0.000000000000  0.666666666666
  1   1.000000000000  0.464876550733  0.333333333333
  1   0.535123449267  0.535123449267  0.000000000000
  2   0.409362679694  0.277497552363  0.776011636212
  2   0.722502447637  0.131865127331  0.442678302879
  2   0.868134872669  0.590637320305  0.109344969546
  2   0.277497552363  0.409362679695  0.223988363787
  2   0.131865127331  0.722502447637  0.557321697120
  2   0.590637320306  0.868134872669  0.890655030454
 
# force by Cartesian coordinate
  -0.964452E-04  -0.523087E-17   0.000000E+00
   0.482226E-04  -0.835240E-04   0.424577E-19
   0.482226E-04   0.835240E-04   0.000000E+00
  -0.251277E-04  -0.670932E-04   0.242818E-04
   0.706683E-04   0.117854E-04   0.242818E-04
  -0.455406E-04   0.553078E-04   0.242818E-04
  -0.455406E-04  -0.553078E-04  -0.242818E-04
  -0.251277E-04   0.670932E-04  -0.242818E-04
   0.706683E-04  -0.117854E-04  -0.242818E-04
