&struct_data
lattice_factor =   0.1010000000E+02,
lattice_list = 
    0.5000000000E+00,  0.5000000000E+00,  0.0000000000E+00,
    0.5000000000E+00,  0.0000000000E+00,  0.5000000000E+00,
    0.0000000000E+00,  0.5000000000E+00,  0.5000000000E+00,
total_energy =  -0.786344150711E+01,
stress_tensor =
     0.440386E-01,   0.440386E-01,   0.440386E-01,
     0.147027E-14,   0.993536E-16,   0.161304E-15,
fermi_energy =   0.2664699008E+00,   0.2664699008E+00,
number_element = 1,
number_atom = 2,
spin_polarization =   0.0000000000E+00,
abs_spin_polarization =   0.0000000000E+00
/
 
# valence_charge, nucleous_charge
   4.00000000  14.00000000
 
# atom_kind, atom_position by cell coordinate
  1   0.000000000000  0.000000000000  0.000000000000
  1   0.250000000000  0.250000000000  0.250000000000
 
# force by Cartesian coordinate
   0.644080E-19  -0.450856E-18  -0.236163E-18
   0.139551E-17   0.105200E-17  -0.242604E-17
